<?xml version="1.0" encoding="UTF-8"?>
<!-- Generated by org.testng.reporters.JUnitXMLReporter -->
<testsuite ignored="0" hostname="DESKTOP-7RV70QA" failures="2" tests="4" name="Test" time="12.865" errors="0" timestamp="2022-04-26T19:01:38 CDT">
  <testcase classname="com.selenium.testbase.TestBaseClass" name="@BeforeClass initSetUp" time="3.117">
    <failure type="org.openqa.selenium.SessionNotCreatedException" message="session not created: This version of ChromeDriver only supports Chrome version 98
Current browser version is 100.0.4896.127 with binary path C:\Program Files (x86)\Google\Chrome\Application\chrome.exe
Build info: version: &amp;apos;3.141.59&amp;apos;, revision: &amp;apos;e82be7d358&amp;apos;, time: &amp;apos;2018-11-14T08:17:03&amp;apos;
System info: host: &amp;apos;DESKTOP-7RV70QA&amp;apos;, ip: &amp;apos;192.168.1.5&amp;apos;, os.name: &amp;apos;Windows 10&amp;apos;, os.arch: &amp;apos;amd64&amp;apos;, os.version: &amp;apos;10.0&amp;apos;, java.version: &amp;apos;16.0.1&amp;apos;
Driver info: driver.version: ChromeDriver
remote stacktrace: Backtrace:
	Ordinal0 [0x006C69A3+2582947]
	Ordinal0 [0x0065A6D1+2139857]
	Ordinal0 [0x00553A98+1063576]
	Ordinal0 [0x005733B8+1192888]
	Ordinal0 [0x0056F235+1176117]
	Ordinal0 [0x0056C9E1+1165793]
	Ordinal0 [0x0059CFFF+1363967]
	Ordinal0 [0x0059CC2A+1362986]
	Ordinal0 [0x00598366+1344358]
	Ordinal0 [0x00575176+1200502]
	Ordinal0 [0x00576066+1204326]
	GetHandleVerifier [0x0086BE02+1675858]
	GetHandleVerifier [0x0092036C+2414524]
	GetHandleVerifier [0x0075BB01+560977]
	GetHandleVerifier [0x0075A8D3+556323]
	Ordinal0 [0x0066020E+2163214]
	Ordinal0 [0x00665078+2183288]
	Ordinal0 [0x006651C0+2183616]
	Ordinal0 [0x0066EE1C+2223644]
	BaseThreadInitThunk [0x7518FA29+25]
	RtlGetAppContainerNamedObjectPath [0x77207A7E+286]
	RtlGetAppContainerNamedObjectPath [0x77207A4E+238]
">
      <![CDATA[org.openqa.selenium.SessionNotCreatedException: session not created: This version of ChromeDriver only supports Chrome version 98
Current browser version is 100.0.4896.127 with binary path C:\Program Files (x86)\Google\Chrome\Application\chrome.exe
Build info: version: '3.141.59', revision: 'e82be7d358', time: '2018-11-14T08:17:03'
System info: host: 'DESKTOP-7RV70QA', ip: '192.168.1.5', os.name: 'Windows 10', os.arch: 'amd64', os.version: '10.0', java.version: '16.0.1'
Driver info: driver.version: ChromeDriver
remote stacktrace: Backtrace:
Ordinal0 [0x006C69A3+2582947]
Ordinal0 [0x0065A6D1+2139857]
Ordinal0 [0x00553A98+1063576]
Ordinal0 [0x005733B8+1192888]
Ordinal0 [0x0056F235+1176117]
Ordinal0 [0x0056C9E1+1165793]
Ordinal0 [0x0059CFFF+1363967]
Ordinal0 [0x0059CC2A+1362986]
Ordinal0 [0x00598366+1344358]
Ordinal0 [0x00575176+1200502]
Ordinal0 [0x00576066+1204326]
GetHandleVerifier [0x0086BE02+1675858]
GetHandleVerifier [0x0092036C+2414524]
GetHandleVerifier [0x0075BB01+560977]
GetHandleVerifier [0x0075A8D3+556323]
Ordinal0 [0x0066020E+2163214]
Ordinal0 [0x00665078+2183288]
Ordinal0 [0x006651C0+2183616]
Ordinal0 [0x0066EE1C+2223644]
BaseThreadInitThunk [0x7518FA29+25]
RtlGetAppContainerNamedObjectPath [0x77207A7E+286]
RtlGetAppContainerNamedObjectPath [0x77207A4E+238]

at org.openqa.selenium.remote.W3CHandshakeResponse.lambda$errorHandler$0(W3CHandshakeResponse.java:62)
at org.openqa.selenium.remote.HandshakeResponse.lambda$getResponseFunction$0(HandshakeResponse.java:30)
at org.openqa.selenium.remote.ProtocolHandshake.lambda$createSession$0(ProtocolHandshake.java:126)
at java.base/java.util.stream.ReferencePipeline$3$1.accept(ReferencePipeline.java:197)
at java.base/java.util.Spliterators$ArraySpliterator.tryAdvance(Spliterators.java:958)
at java.base/java.util.stream.ReferencePipeline.forEachWithCancel(ReferencePipeline.java:129)
at java.base/java.util.stream.AbstractPipeline.copyIntoWithCancel(AbstractPipeline.java:502)
at java.base/java.util.stream.AbstractPipeline.copyInto(AbstractPipeline.java:488)
at java.base/java.util.stream.AbstractPipeline.wrapAndCopyInto(AbstractPipeline.java:474)
at java.base/java.util.stream.FindOps$FindOp.evaluateSequential(FindOps.java:150)
at java.base/java.util.stream.AbstractPipeline.evaluate(AbstractPipeline.java:234)
at java.base/java.util.stream.ReferencePipeline.findFirst(ReferencePipeline.java:647)
at org.openqa.selenium.remote.ProtocolHandshake.createSession(ProtocolHandshake.java:128)
at org.openqa.selenium.remote.ProtocolHandshake.createSession(ProtocolHandshake.java:74)
at org.openqa.selenium.remote.HttpCommandExecutor.execute(HttpCommandExecutor.java:136)
at org.openqa.selenium.remote.service.DriverCommandExecutor.execute(DriverCommandExecutor.java:83)
at org.openqa.selenium.remote.RemoteWebDriver.execute(RemoteWebDriver.java:552)
at org.openqa.selenium.remote.RemoteWebDriver.startSession(RemoteWebDriver.java:213)
at org.openqa.selenium.remote.RemoteWebDriver.<init>(RemoteWebDriver.java:131)
at org.openqa.selenium.chrome.ChromeDriver.<init>(ChromeDriver.java:181)
at org.openqa.selenium.chrome.ChromeDriver.<init>(ChromeDriver.java:168)
at org.openqa.selenium.chrome.ChromeDriver.<init>(ChromeDriver.java:123)
at com.selenium.testbase.BrowserManager.initBrowser(BrowserManager.java:44)
at com.selenium.testbase.TestBaseClass.initSetUp(TestBaseClass.java:14)
at java.base/java.util.ArrayList.forEach(ArrayList.java:1511)
... Removed 30 stack frames]]>
    </failure>
  </testcase> <!-- @BeforeClass initSetUp -->
  <testcase classname="com.selenium.tests.LoginPageAndHomePageTest" name="@BeforeClass initAccountSetupPageElements" time="-1.651017689693E9">
    <skipped/>
  </testcase> <!-- @BeforeClass initAccountSetupPageElements -->
  <testcase classname="com.selenium.tests.LoginPageAndHomePageTest" name="loginPageTest" time="0.0">
    <skipped/>
  </testcase> <!-- loginPageTest -->
  <testcase classname="com.selenium.tests.LoginPageAndHomePageTest" name="loginPageTest" time="4.312">
    <failure type="java.lang.NullPointerException" message="Cannot invoke &amp;quot;org.openqa.selenium.TakesScreenshot.getScreenshotAs(org.openqa.selenium.OutputType)&amp;quot; because &amp;quot;ts&amp;quot; is null">
      <![CDATA[java.lang.NullPointerException: Cannot invoke "org.openqa.selenium.TakesScreenshot.getScreenshotAs(org.openqa.selenium.OutputType)" because "ts" is null
at com.selenium.testbase.BrowserUtilityImpl.takePageScreenshot(BrowserUtilityImpl.java:754)
at com.selenium.listeners.TestListenerImpl.onTestSkipped(TestListenerImpl.java:109)
at java.base/java.util.ArrayList.forEach(ArrayList.java:1511)
... Removed 25 stack frames]]>
    </failure>
  </testcase> <!-- loginPageTest -->
  <testcase classname="com.selenium.tests.LoginPageAndHomePageTest" name="clearCart" time="0.0">
    <skipped/>
  </testcase> <!-- clearCart -->
  <testcase classname="com.selenium.tests.LoginPageAndHomePageTest" name="clearCart" time="0.01">
    <failure type="java.lang.NullPointerException" message="Cannot invoke &amp;quot;org.openqa.selenium.TakesScreenshot.getScreenshotAs(org.openqa.selenium.OutputType)&amp;quot; because &amp;quot;ts&amp;quot; is null">
      <![CDATA[java.lang.NullPointerException: Cannot invoke "org.openqa.selenium.TakesScreenshot.getScreenshotAs(org.openqa.selenium.OutputType)" because "ts" is null
at com.selenium.testbase.BrowserUtilityImpl.takePageScreenshot(BrowserUtilityImpl.java:754)
at com.selenium.listeners.TestListenerImpl.onTestSkipped(TestListenerImpl.java:109)
at java.base/java.util.ArrayList.forEach(ArrayList.java:1511)
... Removed 25 stack frames]]>
    </failure>
  </testcase> <!-- clearCart -->
</testsuite> <!-- Test -->
