<?xml version="1.0" encoding="UTF-8"?>
<!-- Generated by org.testng.reporters.JUnitReportReporter -->
<testsuite hostname="DESKTOP-7RV70QA" failures="0" tests="4" name="com.selenium.tests.LoginPageAndHomePageTest" time="7.184" errors="1" timestamp="2022-04-26T16:33:39 CDT" skipped="3">
  <testcase classname="com.selenium.tests.LoginPageAndHomePageTest" name="initSetUp" time="7.184">
    <error message="session not created: This version of ChromeDriver only supports Chrome version 98
Current browser version is 100.0.4896.127 with binary path C:\Program Files (x86)\Google\Chrome\Application\chrome.exe
Build info: version: &#039;3.141.59&#039;, revision: &#039;e82be7d358&#039;, time: &#039;2018-11-14T08:17:03&#039;
System info: host: &#039;DESKTOP-7RV70QA&#039;, ip: &#039;192.168.1.5&#039;, os.name: &#039;Windows 10&#039;, os.arch: &#039;amd64&#039;, os.version: &#039;10.0&#039;, java.version: &#039;16.0.1&#039;
Driver info: driver.version: ChromeDriver
remote stacktrace: Backtrace:
	Ordinal0 [0x006C69A3+2582947]
	Ordinal0 [0x0065A6D1+2139857]
	Ordinal0 [0x00553A98+1063576]
	Ordinal0 [0x005733B8+1192888]
	Ordinal0 [0x0056F235+1176117]
	Ordinal0 [0x0056C9E1+1165793]
	Ordinal0 [0x0059CFFF+1363967]
	Ordinal0 [0x0059CC2A+1362986]
	Ordinal0 [0x00598366+1344358]
	Ordinal0 [0x00575176+1200502]
	Ordinal0 [0x00576066+1204326]
	GetHandleVerifier [0x0086BE02+1675858]
	GetHandleVerifier [0x0092036C+2414524]
	GetHandleVerifier [0x0075BB01+560977]
	GetHandleVerifier [0x0075A8D3+556323]
	Ordinal0 [0x0066020E+2163214]
	Ordinal0 [0x00665078+2183288]
	Ordinal0 [0x006651C0+2183616]
	Ordinal0 [0x0066EE1C+2223644]
	BaseThreadInitThunk [0x7518FA29+25]
	RtlGetAppContainerNamedObjectPath [0x77207A7E+286]
	RtlGetAppContainerNamedObjectPath [0x77207A4E+238]
" type="org.openqa.selenium.SessionNotCreatedException">
      <![CDATA[org.openqa.selenium.SessionNotCreatedException: session not created: This version of ChromeDriver only supports Chrome version 98
Current browser version is 100.0.4896.127 with binary path C:\Program Files (x86)\Google\Chrome\Application\chrome.exe
Build info: version: '3.141.59', revision: 'e82be7d358', time: '2018-11-14T08:17:03'
System info: host: 'DESKTOP-7RV70QA', ip: '192.168.1.5', os.name: 'Windows 10', os.arch: 'amd64', os.version: '10.0', java.version: '16.0.1'
Driver info: driver.version: ChromeDriver
remote stacktrace: Backtrace:
Ordinal0 [0x006C69A3+2582947]
Ordinal0 [0x0065A6D1+2139857]
Ordinal0 [0x00553A98+1063576]
Ordinal0 [0x005733B8+1192888]
Ordinal0 [0x0056F235+1176117]
Ordinal0 [0x0056C9E1+1165793]
Ordinal0 [0x0059CFFF+1363967]
Ordinal0 [0x0059CC2A+1362986]
Ordinal0 [0x00598366+1344358]
Ordinal0 [0x00575176+1200502]
Ordinal0 [0x00576066+1204326]
GetHandleVerifier [0x0086BE02+1675858]
GetHandleVerifier [0x0092036C+2414524]
GetHandleVerifier [0x0075BB01+560977]
GetHandleVerifier [0x0075A8D3+556323]
Ordinal0 [0x0066020E+2163214]
Ordinal0 [0x00665078+2183288]
Ordinal0 [0x006651C0+2183616]
Ordinal0 [0x0066EE1C+2223644]
BaseThreadInitThunk [0x7518FA29+25]
RtlGetAppContainerNamedObjectPath [0x77207A7E+286]
RtlGetAppContainerNamedObjectPath [0x77207A4E+238]

at java.base/jdk.internal.reflect.NativeConstructorAccessorImpl.newInstance0(Native Method)
at java.base/jdk.internal.reflect.NativeConstructorAccessorImpl.newInstance(NativeConstructorAccessorImpl.java:78)
at java.base/jdk.internal.reflect.DelegatingConstructorAccessorImpl.newInstance(DelegatingConstructorAccessorImpl.java:45)
at java.base/java.lang.reflect.Constructor.newInstanceWithCaller(Constructor.java:499)
at java.base/java.lang.reflect.Constructor.newInstance(Constructor.java:480)
at org.openqa.selenium.remote.W3CHandshakeResponse.lambda$errorHandler$0(W3CHandshakeResponse.java:62)
at org.openqa.selenium.remote.HandshakeResponse.lambda$getResponseFunction$0(HandshakeResponse.java:30)
at org.openqa.selenium.remote.ProtocolHandshake.lambda$createSession$0(ProtocolHandshake.java:126)
at java.base/java.util.stream.ReferencePipeline$3$1.accept(ReferencePipeline.java:197)
at java.base/java.util.Spliterators$ArraySpliterator.tryAdvance(Spliterators.java:958)
at java.base/java.util.stream.ReferencePipeline.forEachWithCancel(ReferencePipeline.java:129)
at java.base/java.util.stream.AbstractPipeline.copyIntoWithCancel(AbstractPipeline.java:502)
at java.base/java.util.stream.AbstractPipeline.copyInto(AbstractPipeline.java:488)
at java.base/java.util.stream.AbstractPipeline.wrapAndCopyInto(AbstractPipeline.java:474)
at java.base/java.util.stream.FindOps$FindOp.evaluateSequential(FindOps.java:150)
at java.base/java.util.stream.AbstractPipeline.evaluate(AbstractPipeline.java:234)
at java.base/java.util.stream.ReferencePipeline.findFirst(ReferencePipeline.java:647)
at org.openqa.selenium.remote.ProtocolHandshake.createSession(ProtocolHandshake.java:128)
at org.openqa.selenium.remote.ProtocolHandshake.createSession(ProtocolHandshake.java:74)
at org.openqa.selenium.remote.HttpCommandExecutor.execute(HttpCommandExecutor.java:136)
at org.openqa.selenium.remote.service.DriverCommandExecutor.execute(DriverCommandExecutor.java:83)
at org.openqa.selenium.remote.RemoteWebDriver.execute(RemoteWebDriver.java:552)
at org.openqa.selenium.remote.RemoteWebDriver.startSession(RemoteWebDriver.java:213)
at org.openqa.selenium.remote.RemoteWebDriver.<init>(RemoteWebDriver.java:131)
at org.openqa.selenium.chrome.ChromeDriver.<init>(ChromeDriver.java:181)
at org.openqa.selenium.chrome.ChromeDriver.<init>(ChromeDriver.java:168)
at org.openqa.selenium.chrome.ChromeDriver.<init>(ChromeDriver.java:123)
at com.selenium.testbase.BrowserManager.initBrowser(BrowserManager.java:44)
at com.selenium.testbase.TestBaseClass.initSetUp(TestBaseClass.java:14)
at java.base/jdk.internal.reflect.NativeMethodAccessorImpl.invoke0(Native Method)
at java.base/jdk.internal.reflect.NativeMethodAccessorImpl.invoke(NativeMethodAccessorImpl.java:78)
at java.base/jdk.internal.reflect.DelegatingMethodAccessorImpl.invoke(DelegatingMethodAccessorImpl.java:43)
at java.base/java.lang.reflect.Method.invoke(Method.java:567)
at org.testng.internal.MethodInvocationHelper.invokeMethod(MethodInvocationHelper.java:133)
at org.testng.internal.MethodInvocationHelper.invokeMethodConsideringTimeout(MethodInvocationHelper.java:62)
at org.testng.internal.ConfigInvoker.invokeConfigurationMethod(ConfigInvoker.java:385)
at org.testng.internal.ConfigInvoker.invokeConfigurations(ConfigInvoker.java:321)
at org.testng.internal.TestMethodWorker.invokeBeforeClassMethods(TestMethodWorker.java:176)
at org.testng.internal.TestMethodWorker.run(TestMethodWorker.java:122)
at java.base/java.util.ArrayList.forEach(ArrayList.java:1511)
at org.testng.TestRunner.privateRun(TestRunner.java:794)
at org.testng.TestRunner.run(TestRunner.java:596)
at org.testng.SuiteRunner.runTest(SuiteRunner.java:377)
at org.testng.SuiteRunner.runSequentially(SuiteRunner.java:371)
at org.testng.SuiteRunner.privateRun(SuiteRunner.java:332)
at org.testng.SuiteRunner.run(SuiteRunner.java:276)
at org.testng.SuiteRunnerWorker.runSuite(SuiteRunnerWorker.java:53)
at org.testng.SuiteRunnerWorker.run(SuiteRunnerWorker.java:96)
at org.testng.TestNG.runSuitesSequentially(TestNG.java:1212)
at org.testng.TestNG.runSuitesLocally(TestNG.java:1134)
at org.testng.TestNG.runSuites(TestNG.java:1063)
at org.testng.TestNG.run(TestNG.java:1031)
at org.testng.remote.AbstractRemoteTestNG.run(AbstractRemoteTestNG.java:115)
at org.testng.remote.RemoteTestNG.initAndRun(RemoteTestNG.java:251)
at org.testng.remote.RemoteTestNG.main(RemoteTestNG.java:77)
]]>
    </error>
  </testcase> <!-- initSetUp -->
  <system-out/>
  <testcase classname="com.selenium.tests.LoginPageAndHomePageTest" name="loginPageTest" time="0.000">
    <skipped/>
  </testcase> <!-- loginPageTest -->
  <system-out/>
  <testcase classname="com.selenium.tests.LoginPageAndHomePageTest" name="clearCart" time="0.000">
    <skipped/>
  </testcase> <!-- clearCart -->
  <system-out/>
  <testcase classname="com.selenium.tests.LoginPageAndHomePageTest" name="homePageTest" time="0.000">
    <skipped/>
  </testcase> <!-- homePageTest -->
  <system-out/>
</testsuite> <!-- com.selenium.tests.LoginPageAndHomePageTest -->
